<?xml version="1.0" encoding="UTF-8"?>
<!-- Generated by org.testng.reporters.JUnitXMLReporter -->
<testsuite hostname="DESKTOP-76MCSFF" ignored="0" name="Test" tests="5" failures="0" timestamp="27 Feb 2018 17:43:43 GMT" time="0.189" errors="0">
  <testcase name="@BeforeSuite beforeMethod1" time="4.686" classname="modules.AppEntryFIA">
    <failure type="org.openqa.selenium.SessionNotCreatedException" message="Unexpected error launching Internet Explorer. Protected Mode settings are not the same for all zones. Enable Protected Mode must be set to the same value (enabled or disabled) for all zones.
Build info: version: &amp;apos;3.9.1&amp;apos;, revision: &amp;apos;63f7b50&amp;apos;, time: &amp;apos;2018-02-07T22:25:02.294Z&amp;apos;
System info: host: &amp;apos;DESKTOP-76MCSFF&amp;apos;, ip: &amp;apos;192.168.137.1&amp;apos;, os.name: &amp;apos;Windows 10&amp;apos;, os.arch: &amp;apos;amd64&amp;apos;, os.version: &amp;apos;10.0&amp;apos;, java.version: &amp;apos;1.8.0_111&amp;apos;
Driver info: driver.version: InternetExplorerDriver
remote stacktrace: ">
      <![CDATA[org.openqa.selenium.SessionNotCreatedException: Unexpected error launching Internet Explorer. Protected Mode settings are not the same for all zones. Enable Protected Mode must be set to the same value (enabled or disabled) for all zones.
Build info: version: '3.9.1', revision: '63f7b50', time: '2018-02-07T22:25:02.294Z'
System info: host: 'DESKTOP-76MCSFF', ip: '192.168.137.1', os.name: 'Windows 10', os.arch: 'amd64', os.version: '10.0', java.version: '1.8.0_111'
Driver info: driver.version: InternetExplorerDriver
remote stacktrace: 
at org.openqa.selenium.remote.W3CHandshakeResponse.lambda$new$0(W3CHandshakeResponse.java:57)
at org.openqa.selenium.remote.W3CHandshakeResponse.lambda$getResponseFunction$2(W3CHandshakeResponse.java:104)
at org.openqa.selenium.remote.ProtocolHandshake.lambda$createSession$0(ProtocolHandshake.java:123)
at java.util.stream.ReferencePipeline$3$1.accept(Unknown Source)
at java.util.Spliterators$ArraySpliterator.tryAdvance(Unknown Source)
at java.util.stream.ReferencePipeline.forEachWithCancel(Unknown Source)
at java.util.stream.AbstractPipeline.copyIntoWithCancel(Unknown Source)
at java.util.stream.AbstractPipeline.copyInto(Unknown Source)
at java.util.stream.AbstractPipeline.wrapAndCopyInto(Unknown Source)
at java.util.stream.FindOps$FindOp.evaluateSequential(Unknown Source)
at java.util.stream.AbstractPipeline.evaluate(Unknown Source)
at java.util.stream.ReferencePipeline.findFirst(Unknown Source)
at org.openqa.selenium.remote.ProtocolHandshake.createSession(ProtocolHandshake.java:126)
at org.openqa.selenium.remote.ProtocolHandshake.createSession(ProtocolHandshake.java:73)
at org.openqa.selenium.remote.HttpCommandExecutor.execute(HttpCommandExecutor.java:138)
at org.openqa.selenium.remote.service.DriverCommandExecutor.execute(DriverCommandExecutor.java:83)
at org.openqa.selenium.remote.RemoteWebDriver.execute(RemoteWebDriver.java:601)
at org.openqa.selenium.remote.RemoteWebDriver.startSession(RemoteWebDriver.java:219)
at org.openqa.selenium.ie.InternetExplorerDriver.run(InternetExplorerDriver.java:223)
at org.openqa.selenium.ie.InternetExplorerDriver.<init>(InternetExplorerDriver.java:215)
at org.openqa.selenium.ie.InternetExplorerDriver.<init>(InternetExplorerDriver.java:152)
at modules.AppEntryFIA.beforeMethod1(AppEntryFIA.java:30)
... Removed 24 stack frames]]>
    </failure>
  </testcase> <!-- @BeforeSuite beforeMethod1 -->
  <testcase name="AuthenticationAndAccessControl" time="0.0" classname="modules.AppEntryFIA">
    <skipped/>
  </testcase> <!-- AuthenticationAndAccessControl -->
  <testcase name="LifeInsuranceAndAnnuityPlatform" time="0.0" classname="modules.AppEntryFIA">
    <skipped/>
  </testcase> <!-- LifeInsuranceAndAnnuityPlatform -->
  <testcase name="AccountWelcome" time="0.0" classname="modules.AppEntryFIA">
    <skipped/>
  </testcase> <!-- AccountWelcome -->
  <testcase name="ApplicationDefingQuestionnaire" time="0.0" classname="modules.AppEntryFIA">
    <skipped/>
  </testcase> <!-- ApplicationDefingQuestionnaire -->
  <testcase name="CLTApplicaionOwnerInformationNewFIA" time="0.0" classname="modules.AppEntryFIA">
    <skipped/>
  </testcase> <!-- CLTApplicaionOwnerInformationNewFIA -->
</testsuite> <!-- Test -->
